ModuleMiddleware: Entering
ModuleMiddleware: is_Active = 
ModuleMiddleware: redirecting to inactive
ModuleMiddleware: Entering
ModuleMiddleware: is_Active = 
ModuleMiddleware: redirecting to inactive
ModuleMiddleware: Entering
ModuleMiddleware: is_Active = 
ModuleMiddleware: redirecting to inactive
ModuleMiddleware: Entering
ModuleMiddleware: is_Active = 
ModuleMiddleware: redirecting to inactive
ModuleMiddleware: Entering
ModuleMiddleware: is_Active = 
ModuleMiddleware: redirecting to inactive
ModuleMiddleware: Entering
ModuleMiddleware: is_Active = 
ModuleMiddleware: redirecting to inactive
ModuleMiddleware: Entering
ModuleMiddleware: is_Active = 
ModuleMiddleware: redirecting to inactive
ModuleMiddleware: Entering
ModuleMiddleware: is_Active = 
ModuleMiddleware: redirecting to inactive
ModuleMiddleware: Entering
ModuleMiddleware: is_Active = 
ModuleMiddleware: redirecting to inactive
ModuleMiddleware: Entering
ModuleMiddleware: is_Active = 
ModuleMiddleware: redirecting to inactive
ModuleMiddleware: Entering
ModuleMiddleware: is_Active = 
ModuleMiddleware: redirecting to inactive
ModuleMiddleware: Entering
ModuleMiddleware: is_Active = 
ModuleMiddleware: redirecting to inactive
ModuleMiddleware: Entering
ModuleMiddleware: is_Active = 
ModuleMiddleware: redirecting to inactive
ModuleMiddleware: Entering
ModuleMiddleware: is_Active = 
ModuleMiddleware: redirecting to inactive
ModuleMiddleware: Entering
ModuleMiddleware: is_Active = 
ModuleMiddleware: redirecting to inactive
ModuleMiddleware: Entering
ModuleMiddleware: is_Active = 
ModuleMiddleware: redirecting to inactive
ModuleMiddleware: Entering
ModuleMiddleware: is_Active = 
ModuleMiddleware: redirecting to inactive
ModuleMiddleware: Entering
ModuleMiddleware: is_Active = 
ModuleMiddleware: redirecting to inactive
ModuleMiddleware: Entering
ModuleMiddleware: is_Active = 
ModuleMiddleware: redirecting to inactive
ModuleMiddleware: Entering
ModuleMiddleware: is_Active = 
ModuleMiddleware: redirecting to inactive
ModuleMiddleware: Entering
ModuleMiddleware: is_Active = 
ModuleMiddleware: redirecting to inactive
ModuleMiddleware: Entering
ModuleMiddleware: is_Active = 
ModuleMiddleware: redirecting to inactive
ModuleMiddleware: Entering
ModuleMiddleware: is_Active = 
ModuleMiddleware: redirecting to inactive
ModuleMiddleware: Entering
ModuleMiddleware: is_Active = 
ModuleMiddleware: redirecting to inactive
ModuleMiddleware: Entering
ModuleMiddleware: is_Active = 
ModuleMiddleware: redirecting to inactive
ModuleMiddleware: Entering
ModuleMiddleware: is_Active = 
ModuleMiddleware: redirecting to inactive
ModuleMiddleware: Entering
ModuleMiddleware: is_Active = 
ModuleMiddleware: redirecting to inactive
ModuleMiddleware: Entering
ModuleMiddleware: is_Active = 
ModuleMiddleware: redirecting to inactive
ModuleMiddleware: Entering
ModuleMiddleware: is_Active = 
ModuleMiddleware: redirecting to inactive
ModuleMiddleware: Entering
ModuleMiddleware: is_Active = 
ModuleMiddleware: redirecting to inactive
ModuleMiddleware: Entering
ModuleMiddleware: is_Active = 
ModuleMiddleware: redirecting to inactive
ModuleMiddleware: Entering
ModuleMiddleware: is_Active = 
ModuleMiddleware: redirecting to inactive
ModuleMiddleware: Entering
ModuleMiddleware: is_Active = 
ModuleMiddleware: redirecting to inactive
ModuleMiddleware: Entering
ModuleMiddleware: is_Active = 
ModuleMiddleware: redirecting to inactive
ModuleMiddleware: Entering
ModuleMiddleware: is_Active = 
ModuleMiddleware: redirecting to inactive
ModuleMiddleware: Entering
ModuleMiddleware: is_Active = 
ModuleMiddleware: redirecting to inactive
ModuleMiddleware: Entering
ModuleMiddleware: is_Active = 
ModuleMiddleware: redirecting to inactive
ModuleMiddleware: Entering
ModuleMiddleware: is_Active = 
ModuleMiddleware: redirecting to inactive
ModuleMiddleware: Entering
ModuleMiddleware: is_Active = 
ModuleMiddleware: redirecting to inactive
ModuleMiddleware: Entering
ModuleMiddleware: is_Active = 
ModuleMiddleware: redirecting to inactive
ModuleMiddleware: Entering
ModuleMiddleware: is_Active = 
ModuleMiddleware: redirecting to inactive
ModuleMiddleware: Entering
ModuleMiddleware: is_Active = 
ModuleMiddleware: redirecting to inactive
ModuleMiddleware: Entering
ModuleMiddleware: is_Active = 
ModuleMiddleware: redirecting to inactive
ModuleMiddleware: Entering
ModuleMiddleware: is_Active = 
ModuleMiddleware: redirecting to inactive
ModuleMiddleware: Entering
ModuleMiddleware: is_Active = 
ModuleMiddleware: redirecting to inactive
ModuleMiddleware: Entering
ModuleMiddleware: is_Active = 
ModuleMiddleware: redirecting to inactive
ModuleMiddleware: Entering
ModuleMiddleware: is_Active = 
ModuleMiddleware: redirecting to inactive
ModuleMiddleware: Entering
ModuleMiddleware: is_Active = 
ModuleMiddleware: redirecting to inactive
ModuleMiddleware: Entering
ModuleMiddleware: is_Active = 
ModuleMiddleware: redirecting to inactive
ModuleMiddleware: Entering
ModuleMiddleware: is_Active = 
ModuleMiddleware: redirecting to inactive
ModuleMiddleware: Entering
ModuleMiddleware: is_Active = 
ModuleMiddleware: redirecting to inactive
ModuleMiddleware: Entering
ModuleMiddleware: is_Active = 
ModuleMiddleware: redirecting to inactive
ModuleMiddleware: Entering
ModuleMiddleware: is_Active = 
ModuleMiddleware: redirecting to inactive
ModuleMiddleware: Entering
ModuleMiddleware: is_Active = 
ModuleMiddleware: redirecting to inactive
ModuleMiddleware: Entering
ModuleMiddleware: is_Active = 
ModuleMiddleware: redirecting to inactive
ModuleMiddleware: Entering
ModuleMiddleware: is_Active = 
ModuleMiddleware: redirecting to inactive
ModuleMiddleware: Entering
ModuleMiddleware: is_Active = 
ModuleMiddleware: redirecting to inactive
ModuleMiddleware: Entering
ModuleMiddleware: is_Active = 
ModuleMiddleware: redirecting to inactive
ModuleMiddleware: Entering
ModuleMiddleware: is_Active = 
ModuleMiddleware: redirecting to inactive
ModuleMiddleware: Entering
ModuleMiddleware: is_Active = 
ModuleMiddleware: redirecting to inactive
ModuleMiddleware: Entering
ModuleMiddleware: is_Active = 
ModuleMiddleware: redirecting to inactive
ModuleMiddleware: Entering
ModuleMiddleware: is_Active = 
ModuleMiddleware: redirecting to inactive
ModuleMiddleware: Entering
ModuleMiddleware: is_Active = 
ModuleMiddleware: redirecting to inactive
ModuleMiddleware: Entering
ModuleMiddleware: is_Active = 
ModuleMiddleware: redirecting to inactive
ModuleMiddleware: Entering
ModuleMiddleware: is_Active = 
ModuleMiddleware: redirecting to inactive
ModuleMiddleware: Entering
ModuleMiddleware: is_Active = 
ModuleMiddleware: redirecting to inactive
ModuleMiddleware: Entering
ModuleMiddleware: is_Active = 
ModuleMiddleware: redirecting to inactive
ModuleMiddleware: Entering
ModuleMiddleware: is_Active = 
ModuleMiddleware: redirecting to inactive
ModuleMiddleware: Entering
ModuleMiddleware: is_Active = 
ModuleMiddleware: redirecting to inactive
ModuleMiddleware: Entering
ModuleMiddleware: is_Active = 
ModuleMiddleware: redirecting to inactive
ModuleMiddleware: Entering
ModuleMiddleware: is_Active = 
ModuleMiddleware: redirecting to inactive
ModuleMiddleware: Entering
ModuleMiddleware: is_Active = 
ModuleMiddleware: redirecting to inactive
ModuleMiddleware: Entering
ModuleMiddleware: is_Active = 
ModuleMiddleware: redirecting to inactive
ModuleMiddleware: Entering
ModuleMiddleware: is_Active = 
ModuleMiddleware: redirecting to inactive
ModuleMiddleware: Entering
ModuleMiddleware: is_Active = 
ModuleMiddleware: redirecting to inactive
ModuleMiddleware: Entering
ModuleMiddleware: is_Active = 
ModuleMiddleware: redirecting to inactive
ModuleMiddleware: Entering
ModuleMiddleware: is_Active = 
ModuleMiddleware: redirecting to inactive
ModuleMiddleware: Entering
ModuleMiddleware: is_Active = 
ModuleMiddleware: redirecting to inactive
ModuleMiddleware: Entering
ModuleMiddleware: is_Active = 
ModuleMiddleware: redirecting to inactive
ModuleMiddleware: Entering
ModuleMiddleware: is_Active = 
ModuleMiddleware: redirecting to inactive
ModuleMiddleware: Entering
ModuleMiddleware: is_Active = 
ModuleMiddleware: redirecting to inactive
ModuleMiddleware: Entering
ModuleMiddleware: is_Active = 
ModuleMiddleware: redirecting to inactive
ModuleMiddleware: Entering
ModuleMiddleware: is_Active = 
ModuleMiddleware: redirecting to inactive
ModuleMiddleware: Entering
ModuleMiddleware: is_Active = 
ModuleMiddleware: redirecting to inactive
ModuleMiddleware: Entering
ModuleMiddleware: is_Active = 
ModuleMiddleware: redirecting to inactive
ModuleMiddleware: Entering
ModuleMiddleware: is_Active = 
ModuleMiddleware: redirecting to inactive
ModuleMiddleware: Entering
ModuleMiddleware: is_Active = 
ModuleMiddleware: redirecting to inactive
ModuleMiddleware: Entering
ModuleMiddleware: is_Active = 
ModuleMiddleware: redirecting to inactive
ModuleMiddleware: Entering
ModuleMiddleware: is_Active = 
ModuleMiddleware: redirecting to inactive
ModuleMiddleware: Entering
ModuleMiddleware: is_Active = 
ModuleMiddleware: redirecting to inactive
ModuleMiddleware: Entering
ModuleMiddleware: is_Active = 
ModuleMiddleware: redirecting to inactive
ModuleMiddleware: Entering
ModuleMiddleware: is_Active = 
ModuleMiddleware: redirecting to inactive
ModuleMiddleware: Entering
ModuleMiddleware: is_Active = 
ModuleMiddleware: redirecting to inactive
ModuleMiddleware: Entering
ModuleMiddleware: is_Active = 
ModuleMiddleware: redirecting to inactive
ModuleMiddleware: Entering
ModuleMiddleware: is_Active = 
ModuleMiddleware: redirecting to inactive
ModuleMiddleware: Entering
ModuleMiddleware: is_Active = 
ModuleMiddleware: redirecting to inactive
ModuleMiddleware: Entering
ModuleMiddleware: is_Active = 
ModuleMiddleware: redirecting to inactive
ModuleMiddleware: Entering
ModuleMiddleware: is_Active = 
ModuleMiddleware: redirecting to inactive
ModuleMiddleware: Entering
ModuleMiddleware: is_Active = 
ModuleMiddleware: redirecting to inactive
ModuleMiddleware: Entering
ModuleMiddleware: is_Active = 
ModuleMiddleware: redirecting to inactive
ModuleMiddleware: Entering
ModuleMiddleware: Exiting
ModuleMiddleware: Entering
ModuleMiddleware: Exiting
ModuleMiddleware: Entering
ModuleMiddleware: Exiting
ModuleMiddleware: Entering
ModuleMiddleware: is_Active = 1
ModuleMiddleware: has_Access = 1
ModuleMiddleware: Exiting
ModuleMiddleware: Entering
ModuleMiddleware: is_Active = 1
ModuleMiddleware: has_Access = 1
ModuleMiddleware: Exiting
ModuleMiddleware: Entering
ModuleMiddleware: is_Active = 1
ModuleMiddleware: has_Access = 1
ModuleMiddleware: Exiting
ModuleMiddleware: Entering
ModuleMiddleware: is_Active = 1
ModuleMiddleware: has_Access = 1
ModuleMiddleware: Exiting
ModuleMiddleware: Entering
ModuleMiddleware: is_Active = 1
ModuleMiddleware: has_Access = 1
ModuleMiddleware: Exiting
10/13/2019 05:10:32 amModuleMiddleware: Entering
10/13/2019 05:10:32 amModuleMiddleware: is_Active = 1
10/13/2019 05:10:32 amModuleMiddleware: has_Access = 1
10/13/2019 05:10:32 amModuleMiddleware: Exiting
10/13/2019 05:10:33 amModuleMiddleware: Entering
10/13/2019 05:10:33 amModuleMiddleware: is_Active = 1
10/13/2019 05:10:33 amModuleMiddleware: has_Access = 1
10/13/2019 05:10:33 amModuleMiddleware: Exiting
10/13/2019 05:10:35 amModuleMiddleware: Entering
10/13/2019 05:10:35 amModuleMiddleware: is_Active = 1
10/13/2019 05:10:35 amModuleMiddleware: has_Access = 1
10/13/2019 05:10:35 amModuleMiddleware: Exiting
10/13/2019 05:10:35 amModuleMiddleware: Entering
10/13/2019 05:10:35 amModuleMiddleware: Exiting
10/13/2019 05:10:37 amModuleMiddleware: Entering
10/13/2019 05:10:37 amModuleMiddleware: Exiting
10/13/2019 05:10:43 amModuleMiddleware: Entering
10/13/2019 05:10:43 amModuleMiddleware: Exiting
10/13/2019 05:10:43 amModuleMiddleware: Entering
10/13/2019 05:10:43 amModuleMiddleware: is_Active = 1
10/13/2019 05:10:43 amModuleMiddleware: has_Access = 1
10/13/2019 05:10:43 amModuleMiddleware: Exiting
10/13/2019 01:19:31 am ModuleMiddleware: Entering
10/13/2019 01:19:31 am ModuleMiddleware: is_Active = 1
10/13/2019 01:19:31 am ModuleMiddleware: has_Access = 1
10/13/2019 01:19:31 am ModuleMiddleware: Exiting
10/13/2019 01:19:35 am ModuleMiddleware: Entering
10/13/2019 01:19:35 am ModuleMiddleware: is_Active = 1
10/13/2019 01:19:35 am ModuleMiddleware: has_Access = 1
10/13/2019 01:19:35 am ModuleMiddleware: Exiting
10/13/2019 01:22:29 am ModuleMiddleware: Entering
10/13/2019 01:22:29 am ModuleMiddleware: is_Active = 1
10/13/2019 01:22:29 am ModuleMiddleware: has_Access = 1
10/13/2019 01:22:29 am ModuleMiddleware: Exiting
10/13/2019 01:22:29 am ModuleMiddleware: Entering
10/13/2019 01:22:29 am ModuleMiddleware: Exiting
10/14/2019 06:55:48 pm ModuleMiddleware: Entering
10/14/2019 06:55:48 pm ModuleMiddleware: Exiting
10/14/2019 06:55:51 pm ModuleMiddleware: Entering
10/14/2019 06:55:51 pm ModuleMiddleware: Exiting
10/14/2019 06:56:04 pm ModuleMiddleware: Entering
10/14/2019 06:56:04 pm ModuleMiddleware: Exiting
10/14/2019 06:56:04 pm ModuleMiddleware: Entering
10/14/2019 06:56:04 pm ModuleMiddleware: Exiting
10/14/2019 06:56:24 pm ModuleMiddleware: Entering
10/14/2019 06:56:24 pm ModuleMiddleware: Exiting
10/14/2019 06:56:24 pm ModuleMiddleware: Entering
10/14/2019 06:56:24 pm ModuleMiddleware: is_Active = 
10/14/2019 06:56:24 pm ModuleMiddleware: redirecting to inactive
10/14/2019 06:56:25 pm ModuleMiddleware: Entering
10/14/2019 06:56:25 pm ModuleMiddleware: is_Active = 
10/14/2019 06:56:25 pm ModuleMiddleware: redirecting to inactive
10/14/2019 06:56:25 pm ModuleMiddleware: Entering
10/14/2019 06:56:25 pm ModuleMiddleware: is_Active = 
10/14/2019 06:56:25 pm ModuleMiddleware: redirecting to inactive
10/14/2019 06:56:25 pm ModuleMiddleware: Entering
10/14/2019 06:56:25 pm ModuleMiddleware: is_Active = 
10/14/2019 06:56:25 pm ModuleMiddleware: redirecting to inactive
10/14/2019 06:56:25 pm ModuleMiddleware: Entering
10/14/2019 06:56:25 pm ModuleMiddleware: is_Active = 
10/14/2019 06:56:25 pm ModuleMiddleware: redirecting to inactive
10/14/2019 06:56:25 pm ModuleMiddleware: Entering
10/14/2019 06:56:25 pm ModuleMiddleware: is_Active = 
10/14/2019 06:56:25 pm ModuleMiddleware: redirecting to inactive
10/14/2019 06:56:26 pm ModuleMiddleware: Entering
10/14/2019 06:56:26 pm ModuleMiddleware: is_Active = 
10/14/2019 06:56:26 pm ModuleMiddleware: redirecting to inactive
10/14/2019 06:56:26 pm ModuleMiddleware: Entering
10/14/2019 06:56:26 pm ModuleMiddleware: is_Active = 
10/14/2019 06:56:26 pm ModuleMiddleware: redirecting to inactive
10/14/2019 06:56:26 pm ModuleMiddleware: Entering
10/14/2019 06:56:26 pm ModuleMiddleware: is_Active = 
10/14/2019 06:56:26 pm ModuleMiddleware: redirecting to inactive
10/14/2019 06:56:26 pm ModuleMiddleware: Entering
10/14/2019 06:56:26 pm ModuleMiddleware: is_Active = 
10/14/2019 06:56:26 pm ModuleMiddleware: redirecting to inactive
10/14/2019 06:56:26 pm ModuleMiddleware: Entering
10/14/2019 06:56:26 pm ModuleMiddleware: is_Active = 
10/14/2019 06:56:26 pm ModuleMiddleware: redirecting to inactive
10/14/2019 06:56:26 pm ModuleMiddleware: Entering
10/14/2019 06:56:26 pm ModuleMiddleware: is_Active = 
10/14/2019 06:56:26 pm ModuleMiddleware: redirecting to inactive
10/14/2019 06:56:27 pm ModuleMiddleware: Entering
10/14/2019 06:56:27 pm ModuleMiddleware: is_Active = 
10/14/2019 06:56:27 pm ModuleMiddleware: redirecting to inactive
10/14/2019 06:56:27 pm ModuleMiddleware: Entering
10/14/2019 06:56:27 pm ModuleMiddleware: is_Active = 
10/14/2019 06:56:27 pm ModuleMiddleware: redirecting to inactive
10/14/2019 06:56:27 pm ModuleMiddleware: Entering
10/14/2019 06:56:27 pm ModuleMiddleware: is_Active = 
10/14/2019 06:56:27 pm ModuleMiddleware: redirecting to inactive
10/14/2019 06:56:27 pm ModuleMiddleware: Entering
10/14/2019 06:56:27 pm ModuleMiddleware: is_Active = 
10/14/2019 06:56:27 pm ModuleMiddleware: redirecting to inactive
10/14/2019 06:56:27 pm ModuleMiddleware: Entering
10/14/2019 06:56:27 pm ModuleMiddleware: is_Active = 
10/14/2019 06:56:27 pm ModuleMiddleware: redirecting to inactive
10/14/2019 06:56:27 pm ModuleMiddleware: Entering
10/14/2019 06:56:27 pm ModuleMiddleware: is_Active = 
10/14/2019 06:56:27 pm ModuleMiddleware: redirecting to inactive
10/14/2019 06:56:27 pm ModuleMiddleware: Entering
10/14/2019 06:56:28 pm ModuleMiddleware: is_Active = 
10/14/2019 06:56:28 pm ModuleMiddleware: redirecting to inactive
10/14/2019 07:00:56 pm ModuleMiddleware: Entering
10/14/2019 07:00:56 pm ModuleMiddleware: is_Active = 
10/14/2019 07:00:56 pm ModuleMiddleware: redirecting to inactive
10/14/2019 07:00:56 pm ModuleMiddleware: Entering
10/14/2019 07:00:56 pm ModuleMiddleware: is_Active = 
10/14/2019 07:00:56 pm ModuleMiddleware: redirecting to inactive
10/14/2019 07:00:57 pm ModuleMiddleware: Entering
10/14/2019 07:00:57 pm ModuleMiddleware: is_Active = 
10/14/2019 07:00:57 pm ModuleMiddleware: redirecting to inactive
10/14/2019 07:00:57 pm ModuleMiddleware: Entering
10/14/2019 07:00:57 pm ModuleMiddleware: is_Active = 
10/14/2019 07:00:57 pm ModuleMiddleware: redirecting to inactive
10/14/2019 07:00:57 pm ModuleMiddleware: Entering
10/14/2019 07:00:57 pm ModuleMiddleware: is_Active = 
10/14/2019 07:00:57 pm ModuleMiddleware: redirecting to inactive
10/14/2019 07:00:57 pm ModuleMiddleware: Entering
10/14/2019 07:00:57 pm ModuleMiddleware: is_Active = 
10/14/2019 07:00:57 pm ModuleMiddleware: redirecting to inactive
10/14/2019 07:00:57 pm ModuleMiddleware: Entering
10/14/2019 07:00:57 pm ModuleMiddleware: is_Active = 
10/14/2019 07:00:57 pm ModuleMiddleware: redirecting to inactive
10/14/2019 07:00:57 pm ModuleMiddleware: Entering
10/14/2019 07:00:57 pm ModuleMiddleware: is_Active = 
10/14/2019 07:00:57 pm ModuleMiddleware: redirecting to inactive
10/14/2019 07:00:57 pm ModuleMiddleware: Entering
10/14/2019 07:00:58 pm ModuleMiddleware: is_Active = 
10/14/2019 07:00:58 pm ModuleMiddleware: redirecting to inactive
10/14/2019 07:00:58 pm ModuleMiddleware: Entering
10/14/2019 07:00:58 pm ModuleMiddleware: is_Active = 
10/14/2019 07:00:58 pm ModuleMiddleware: redirecting to inactive
10/14/2019 07:00:58 pm ModuleMiddleware: Entering
10/14/2019 07:00:58 pm ModuleMiddleware: is_Active = 
10/14/2019 07:00:58 pm ModuleMiddleware: redirecting to inactive
10/14/2019 07:00:58 pm ModuleMiddleware: Entering
10/14/2019 07:00:58 pm ModuleMiddleware: is_Active = 
10/14/2019 07:00:58 pm ModuleMiddleware: redirecting to inactive
10/14/2019 07:00:58 pm ModuleMiddleware: Entering
10/14/2019 07:00:58 pm ModuleMiddleware: is_Active = 
10/14/2019 07:00:58 pm ModuleMiddleware: redirecting to inactive
10/14/2019 07:00:58 pm ModuleMiddleware: Entering
10/14/2019 07:00:58 pm ModuleMiddleware: is_Active = 
10/14/2019 07:00:58 pm ModuleMiddleware: redirecting to inactive
10/14/2019 07:00:58 pm ModuleMiddleware: Entering
10/14/2019 07:00:58 pm ModuleMiddleware: is_Active = 
10/14/2019 07:00:58 pm ModuleMiddleware: redirecting to inactive
10/14/2019 07:00:59 pm ModuleMiddleware: Entering
10/14/2019 07:00:59 pm ModuleMiddleware: is_Active = 
10/14/2019 07:00:59 pm ModuleMiddleware: redirecting to inactive
10/14/2019 07:00:59 pm ModuleMiddleware: Entering
10/14/2019 07:00:59 pm ModuleMiddleware: is_Active = 
10/14/2019 07:00:59 pm ModuleMiddleware: redirecting to inactive
10/14/2019 07:00:59 pm ModuleMiddleware: Entering
10/14/2019 07:00:59 pm ModuleMiddleware: is_Active = 
10/14/2019 07:00:59 pm ModuleMiddleware: redirecting to inactive
10/14/2019 07:00:59 pm ModuleMiddleware: Entering
10/14/2019 07:00:59 pm ModuleMiddleware: is_Active = 
10/14/2019 07:00:59 pm ModuleMiddleware: redirecting to inactive
10/14/2019 07:00:59 pm ModuleMiddleware: Entering
10/14/2019 07:00:59 pm ModuleMiddleware: is_Active = 
10/14/2019 07:00:59 pm ModuleMiddleware: redirecting to inactive
10/14/2019 07:00:59 pm ModuleMiddleware: Entering
10/14/2019 07:00:59 pm ModuleMiddleware: is_Active = 
10/14/2019 07:00:59 pm ModuleMiddleware: redirecting to inactive
10/14/2019 07:01:01 pm ModuleMiddleware: Entering
10/14/2019 07:01:01 pm ModuleMiddleware: is_Active = 
10/14/2019 07:01:01 pm ModuleMiddleware: redirecting to inactive
10/14/2019 07:01:01 pm ModuleMiddleware: Entering
10/14/2019 07:01:02 pm ModuleMiddleware: is_Active = 
10/14/2019 07:01:02 pm ModuleMiddleware: redirecting to inactive
10/14/2019 07:01:02 pm ModuleMiddleware: Entering
10/14/2019 07:01:02 pm ModuleMiddleware: is_Active = 
10/14/2019 07:01:02 pm ModuleMiddleware: redirecting to inactive
10/14/2019 07:01:02 pm ModuleMiddleware: Entering
10/14/2019 07:01:02 pm ModuleMiddleware: is_Active = 
10/14/2019 07:01:02 pm ModuleMiddleware: redirecting to inactive
10/14/2019 07:01:02 pm ModuleMiddleware: Entering
10/14/2019 07:01:02 pm ModuleMiddleware: is_Active = 
10/14/2019 07:01:02 pm ModuleMiddleware: redirecting to inactive
10/14/2019 07:01:02 pm ModuleMiddleware: Entering
10/14/2019 07:01:02 pm ModuleMiddleware: is_Active = 
10/14/2019 07:01:02 pm ModuleMiddleware: redirecting to inactive
10/14/2019 07:01:02 pm ModuleMiddleware: Entering
10/14/2019 07:01:02 pm ModuleMiddleware: is_Active = 
10/14/2019 07:01:02 pm ModuleMiddleware: redirecting to inactive
10/14/2019 07:01:02 pm ModuleMiddleware: Entering
10/14/2019 07:01:02 pm ModuleMiddleware: is_Active = 
10/14/2019 07:01:02 pm ModuleMiddleware: redirecting to inactive
10/14/2019 07:01:03 pm ModuleMiddleware: Entering
10/14/2019 07:01:03 pm ModuleMiddleware: is_Active = 
10/14/2019 07:01:03 pm ModuleMiddleware: redirecting to inactive
10/14/2019 07:01:03 pm ModuleMiddleware: Entering
10/14/2019 07:01:03 pm ModuleMiddleware: is_Active = 
10/14/2019 07:01:03 pm ModuleMiddleware: redirecting to inactive
10/14/2019 07:01:03 pm ModuleMiddleware: Entering
10/14/2019 07:01:03 pm ModuleMiddleware: is_Active = 
10/14/2019 07:01:03 pm ModuleMiddleware: redirecting to inactive
10/14/2019 07:01:03 pm ModuleMiddleware: Entering
10/14/2019 07:01:03 pm ModuleMiddleware: is_Active = 
10/14/2019 07:01:03 pm ModuleMiddleware: redirecting to inactive
10/14/2019 07:01:03 pm ModuleMiddleware: Entering
10/14/2019 07:01:03 pm ModuleMiddleware: is_Active = 
10/14/2019 07:01:03 pm ModuleMiddleware: redirecting to inactive
10/14/2019 07:01:03 pm ModuleMiddleware: Entering
10/14/2019 07:01:03 pm ModuleMiddleware: is_Active = 
10/14/2019 07:01:03 pm ModuleMiddleware: redirecting to inactive
10/14/2019 07:01:04 pm ModuleMiddleware: Entering
10/14/2019 07:01:04 pm ModuleMiddleware: is_Active = 
10/14/2019 07:01:04 pm ModuleMiddleware: redirecting to inactive
10/14/2019 07:01:04 pm ModuleMiddleware: Entering
10/14/2019 07:01:04 pm ModuleMiddleware: is_Active = 
10/14/2019 07:01:04 pm ModuleMiddleware: redirecting to inactive
10/14/2019 07:01:04 pm ModuleMiddleware: Entering
10/14/2019 07:01:04 pm ModuleMiddleware: is_Active = 
10/14/2019 07:01:04 pm ModuleMiddleware: redirecting to inactive
10/14/2019 07:01:04 pm ModuleMiddleware: Entering
10/14/2019 07:01:04 pm ModuleMiddleware: is_Active = 
10/14/2019 07:01:04 pm ModuleMiddleware: redirecting to inactive
10/14/2019 07:01:04 pm ModuleMiddleware: Entering
10/14/2019 07:01:04 pm ModuleMiddleware: is_Active = 
10/14/2019 07:01:04 pm ModuleMiddleware: redirecting to inactive
10/14/2019 07:01:04 pm ModuleMiddleware: Entering
10/14/2019 07:01:04 pm ModuleMiddleware: is_Active = 
10/14/2019 07:01:04 pm ModuleMiddleware: redirecting to inactive
10/14/2019 07:01:09 pm ModuleMiddleware: Entering
10/14/2019 07:01:09 pm ModuleMiddleware: is_Active = 
10/14/2019 07:01:09 pm ModuleMiddleware: redirecting to inactive
10/14/2019 07:01:10 pm ModuleMiddleware: Entering
10/14/2019 07:01:10 pm ModuleMiddleware: is_Active = 
10/14/2019 07:01:10 pm ModuleMiddleware: redirecting to inactive
10/14/2019 07:01:10 pm ModuleMiddleware: Entering
10/14/2019 07:01:10 pm ModuleMiddleware: is_Active = 
10/14/2019 07:01:10 pm ModuleMiddleware: redirecting to inactive
10/14/2019 07:01:10 pm ModuleMiddleware: Entering
10/14/2019 07:01:10 pm ModuleMiddleware: is_Active = 
10/14/2019 07:01:10 pm ModuleMiddleware: redirecting to inactive
10/14/2019 07:01:10 pm ModuleMiddleware: Entering
10/14/2019 07:01:10 pm ModuleMiddleware: is_Active = 
10/14/2019 07:01:10 pm ModuleMiddleware: redirecting to inactive
10/14/2019 07:01:10 pm ModuleMiddleware: Entering
10/14/2019 07:01:10 pm ModuleMiddleware: is_Active = 
10/14/2019 07:01:10 pm ModuleMiddleware: redirecting to inactive
10/14/2019 07:01:10 pm ModuleMiddleware: Entering
10/14/2019 07:01:10 pm ModuleMiddleware: is_Active = 
10/14/2019 07:01:10 pm ModuleMiddleware: redirecting to inactive
10/14/2019 07:01:11 pm ModuleMiddleware: Entering
10/14/2019 07:01:11 pm ModuleMiddleware: is_Active = 
10/14/2019 07:01:11 pm ModuleMiddleware: redirecting to inactive
10/14/2019 07:01:11 pm ModuleMiddleware: Entering
10/14/2019 07:01:11 pm ModuleMiddleware: is_Active = 
10/14/2019 07:01:11 pm ModuleMiddleware: redirecting to inactive
10/14/2019 07:01:11 pm ModuleMiddleware: Entering
10/14/2019 07:01:11 pm ModuleMiddleware: is_Active = 
10/14/2019 07:01:11 pm ModuleMiddleware: redirecting to inactive
10/14/2019 07:01:13 pm ModuleMiddleware: Entering
10/14/2019 07:01:13 pm ModuleMiddleware: is_Active = 
10/14/2019 07:01:13 pm ModuleMiddleware: redirecting to inactive
10/14/2019 07:01:13 pm ModuleMiddleware: Entering
10/14/2019 07:01:13 pm ModuleMiddleware: is_Active = 
10/14/2019 07:01:13 pm ModuleMiddleware: redirecting to inactive
10/14/2019 07:01:13 pm ModuleMiddleware: Entering
10/14/2019 07:01:13 pm ModuleMiddleware: is_Active = 
10/14/2019 07:01:13 pm ModuleMiddleware: redirecting to inactive
10/14/2019 07:01:13 pm ModuleMiddleware: Entering
10/14/2019 07:01:13 pm ModuleMiddleware: is_Active = 
10/14/2019 07:01:13 pm ModuleMiddleware: redirecting to inactive
10/14/2019 07:01:13 pm ModuleMiddleware: Entering
10/14/2019 07:01:14 pm ModuleMiddleware: is_Active = 
10/14/2019 07:01:14 pm ModuleMiddleware: redirecting to inactive
10/14/2019 07:01:14 pm ModuleMiddleware: Entering
10/14/2019 07:01:14 pm ModuleMiddleware: is_Active = 
10/14/2019 07:01:14 pm ModuleMiddleware: redirecting to inactive
10/14/2019 07:01:14 pm ModuleMiddleware: Entering
10/14/2019 07:01:14 pm ModuleMiddleware: is_Active = 
10/14/2019 07:01:14 pm ModuleMiddleware: redirecting to inactive
10/14/2019 07:01:14 pm ModuleMiddleware: Entering
10/14/2019 07:01:14 pm ModuleMiddleware: is_Active = 
10/14/2019 07:01:14 pm ModuleMiddleware: redirecting to inactive
10/14/2019 07:01:14 pm ModuleMiddleware: Entering
10/14/2019 07:01:14 pm ModuleMiddleware: is_Active = 
10/14/2019 07:01:14 pm ModuleMiddleware: redirecting to inactive
10/14/2019 07:01:14 pm ModuleMiddleware: Entering
10/14/2019 07:01:14 pm ModuleMiddleware: is_Active = 
10/14/2019 07:01:14 pm ModuleMiddleware: redirecting to inactive
10/14/2019 07:01:22 pm ModuleMiddleware: Entering
10/14/2019 07:01:22 pm ModuleMiddleware: is_Active = 
10/14/2019 07:01:22 pm ModuleMiddleware: redirecting to inactive
10/14/2019 07:01:22 pm ModuleMiddleware: Entering
10/14/2019 07:01:22 pm ModuleMiddleware: is_Active = 
10/14/2019 07:01:22 pm ModuleMiddleware: redirecting to inactive
10/14/2019 07:01:22 pm ModuleMiddleware: Entering
10/14/2019 07:01:22 pm ModuleMiddleware: is_Active = 
10/14/2019 07:01:22 pm ModuleMiddleware: redirecting to inactive
10/14/2019 07:01:22 pm ModuleMiddleware: Entering
10/14/2019 07:01:22 pm ModuleMiddleware: is_Active = 
10/14/2019 07:01:22 pm ModuleMiddleware: redirecting to inactive
10/14/2019 07:01:22 pm ModuleMiddleware: Entering
10/14/2019 07:01:22 pm ModuleMiddleware: is_Active = 
10/14/2019 07:01:22 pm ModuleMiddleware: redirecting to inactive
10/14/2019 07:01:22 pm ModuleMiddleware: Entering
10/14/2019 07:01:22 pm ModuleMiddleware: is_Active = 
10/14/2019 07:01:22 pm ModuleMiddleware: redirecting to inactive
10/14/2019 07:01:23 pm ModuleMiddleware: Entering
10/14/2019 07:01:23 pm ModuleMiddleware: is_Active = 
10/14/2019 07:01:23 pm ModuleMiddleware: redirecting to inactive
10/14/2019 07:01:23 pm ModuleMiddleware: Entering
10/14/2019 07:01:23 pm ModuleMiddleware: is_Active = 
10/14/2019 07:01:23 pm ModuleMiddleware: redirecting to inactive
10/14/2019 07:01:23 pm ModuleMiddleware: Entering
10/14/2019 07:01:23 pm ModuleMiddleware: is_Active = 
10/14/2019 07:01:23 pm ModuleMiddleware: redirecting to inactive
10/14/2019 07:01:23 pm ModuleMiddleware: Entering
10/14/2019 07:01:23 pm ModuleMiddleware: is_Active = 
10/14/2019 07:01:23 pm ModuleMiddleware: redirecting to inactive
10/14/2019 07:01:23 pm ModuleMiddleware: Entering
10/14/2019 07:01:23 pm ModuleMiddleware: is_Active = 
10/14/2019 07:01:23 pm ModuleMiddleware: redirecting to inactive
10/14/2019 07:01:23 pm ModuleMiddleware: Entering
10/14/2019 07:01:23 pm ModuleMiddleware: is_Active = 
10/14/2019 07:01:23 pm ModuleMiddleware: redirecting to inactive
10/14/2019 07:01:24 pm ModuleMiddleware: Entering
10/14/2019 07:01:24 pm ModuleMiddleware: is_Active = 
10/14/2019 07:01:24 pm ModuleMiddleware: redirecting to inactive
10/14/2019 07:01:24 pm ModuleMiddleware: Entering
10/14/2019 07:01:24 pm ModuleMiddleware: is_Active = 
10/14/2019 07:01:24 pm ModuleMiddleware: redirecting to inactive
10/14/2019 07:01:24 pm ModuleMiddleware: Entering
10/14/2019 07:01:24 pm ModuleMiddleware: is_Active = 
10/14/2019 07:01:24 pm ModuleMiddleware: redirecting to inactive
10/14/2019 07:01:24 pm ModuleMiddleware: Entering
10/14/2019 07:01:24 pm ModuleMiddleware: is_Active = 
10/14/2019 07:01:24 pm ModuleMiddleware: redirecting to inactive
10/14/2019 07:01:24 pm ModuleMiddleware: Entering
10/14/2019 07:01:24 pm ModuleMiddleware: is_Active = 
10/14/2019 07:01:24 pm ModuleMiddleware: redirecting to inactive
10/14/2019 07:01:24 pm ModuleMiddleware: Entering
10/14/2019 07:01:24 pm ModuleMiddleware: is_Active = 
10/14/2019 07:01:24 pm ModuleMiddleware: redirecting to inactive
10/14/2019 07:01:24 pm ModuleMiddleware: Entering
10/14/2019 07:01:24 pm ModuleMiddleware: is_Active = 
10/14/2019 07:01:24 pm ModuleMiddleware: redirecting to inactive
10/14/2019 07:01:25 pm ModuleMiddleware: Entering
10/14/2019 07:01:25 pm ModuleMiddleware: is_Active = 
10/14/2019 07:01:25 pm ModuleMiddleware: redirecting to inactive
10/14/2019 07:01:38 pm ModuleMiddleware: Entering
10/14/2019 07:01:38 pm ModuleMiddleware: is_Active = 
10/14/2019 07:01:38 pm ModuleMiddleware: redirecting to inactive
10/14/2019 07:01:38 pm ModuleMiddleware: Entering
10/14/2019 07:01:38 pm ModuleMiddleware: is_Active = 
10/14/2019 07:01:38 pm ModuleMiddleware: redirecting to inactive
10/14/2019 07:01:38 pm ModuleMiddleware: Entering
10/14/2019 07:01:38 pm ModuleMiddleware: is_Active = 
10/14/2019 07:01:38 pm ModuleMiddleware: redirecting to inactive
10/14/2019 07:01:38 pm ModuleMiddleware: Entering
10/14/2019 07:01:38 pm ModuleMiddleware: is_Active = 
10/14/2019 07:01:38 pm ModuleMiddleware: redirecting to inactive
10/14/2019 07:01:38 pm ModuleMiddleware: Entering
10/14/2019 07:01:38 pm ModuleMiddleware: is_Active = 
10/14/2019 07:01:38 pm ModuleMiddleware: redirecting to inactive
10/14/2019 07:01:38 pm ModuleMiddleware: Entering
10/14/2019 07:01:38 pm ModuleMiddleware: is_Active = 
10/14/2019 07:01:38 pm ModuleMiddleware: redirecting to inactive
10/14/2019 07:01:38 pm ModuleMiddleware: Entering
10/14/2019 07:01:38 pm ModuleMiddleware: is_Active = 
10/14/2019 07:01:38 pm ModuleMiddleware: redirecting to inactive
10/14/2019 07:01:39 pm ModuleMiddleware: Entering
10/14/2019 07:01:39 pm ModuleMiddleware: is_Active = 
10/14/2019 07:01:39 pm ModuleMiddleware: redirecting to inactive
10/14/2019 07:01:39 pm ModuleMiddleware: Entering
10/14/2019 07:01:39 pm ModuleMiddleware: is_Active = 
10/14/2019 07:01:39 pm ModuleMiddleware: redirecting to inactive
10/14/2019 07:01:39 pm ModuleMiddleware: Entering
10/14/2019 07:01:39 pm ModuleMiddleware: is_Active = 
10/14/2019 07:01:39 pm ModuleMiddleware: redirecting to inactive
10/14/2019 07:01:39 pm ModuleMiddleware: Entering
10/14/2019 07:01:39 pm ModuleMiddleware: is_Active = 
10/14/2019 07:01:39 pm ModuleMiddleware: redirecting to inactive
10/14/2019 07:01:39 pm ModuleMiddleware: Entering
10/14/2019 07:01:39 pm ModuleMiddleware: is_Active = 
10/14/2019 07:01:39 pm ModuleMiddleware: redirecting to inactive
10/14/2019 07:01:39 pm ModuleMiddleware: Entering
10/14/2019 07:01:39 pm ModuleMiddleware: is_Active = 
10/14/2019 07:01:39 pm ModuleMiddleware: redirecting to inactive
10/14/2019 07:01:40 pm ModuleMiddleware: Entering
10/14/2019 07:01:40 pm ModuleMiddleware: is_Active = 
10/14/2019 07:01:40 pm ModuleMiddleware: redirecting to inactive
10/14/2019 07:01:40 pm ModuleMiddleware: Entering
10/14/2019 07:01:40 pm ModuleMiddleware: is_Active = 
10/14/2019 07:01:40 pm ModuleMiddleware: redirecting to inactive
10/14/2019 07:01:40 pm ModuleMiddleware: Entering
10/14/2019 07:01:40 pm ModuleMiddleware: is_Active = 
10/14/2019 07:01:40 pm ModuleMiddleware: redirecting to inactive
10/14/2019 07:01:40 pm ModuleMiddleware: Entering
10/14/2019 07:01:40 pm ModuleMiddleware: is_Active = 
10/14/2019 07:01:40 pm ModuleMiddleware: redirecting to inactive
10/14/2019 07:01:40 pm ModuleMiddleware: Entering
10/14/2019 07:01:40 pm ModuleMiddleware: is_Active = 
10/14/2019 07:01:40 pm ModuleMiddleware: redirecting to inactive
10/14/2019 07:01:40 pm ModuleMiddleware: Entering
10/14/2019 07:01:40 pm ModuleMiddleware: is_Active = 
10/14/2019 07:01:40 pm ModuleMiddleware: redirecting to inactive
10/14/2019 07:01:40 pm ModuleMiddleware: Entering
10/14/2019 07:01:41 pm ModuleMiddleware: is_Active = 
10/14/2019 07:01:41 pm ModuleMiddleware: redirecting to inactive
10/14/2019 07:01:41 pm ModuleMiddleware: Entering
10/14/2019 07:01:41 pm ModuleMiddleware: is_Active = 
10/14/2019 07:01:41 pm ModuleMiddleware: redirecting to inactive
10/14/2019 07:01:41 pm ModuleMiddleware: Entering
10/14/2019 07:01:41 pm ModuleMiddleware: is_Active = 
10/14/2019 07:01:41 pm ModuleMiddleware: redirecting to inactive
10/14/2019 07:01:41 pm ModuleMiddleware: Entering
10/14/2019 07:01:41 pm ModuleMiddleware: is_Active = 
10/14/2019 07:01:41 pm ModuleMiddleware: redirecting to inactive
10/14/2019 07:01:41 pm ModuleMiddleware: Entering
10/14/2019 07:01:41 pm ModuleMiddleware: is_Active = 
10/14/2019 07:01:41 pm ModuleMiddleware: redirecting to inactive
10/14/2019 07:01:41 pm ModuleMiddleware: Entering
10/14/2019 07:01:41 pm ModuleMiddleware: is_Active = 
10/14/2019 07:01:41 pm ModuleMiddleware: redirecting to inactive
10/14/2019 07:01:42 pm ModuleMiddleware: Entering
10/14/2019 07:01:42 pm ModuleMiddleware: is_Active = 
10/14/2019 07:01:42 pm ModuleMiddleware: redirecting to inactive
10/14/2019 07:01:42 pm ModuleMiddleware: Entering
10/14/2019 07:01:42 pm ModuleMiddleware: is_Active = 
10/14/2019 07:01:42 pm ModuleMiddleware: redirecting to inactive
10/14/2019 07:01:42 pm ModuleMiddleware: Entering
10/14/2019 07:01:42 pm ModuleMiddleware: is_Active = 
10/14/2019 07:01:42 pm ModuleMiddleware: redirecting to inactive
10/14/2019 07:01:42 pm ModuleMiddleware: Entering
10/14/2019 07:01:42 pm ModuleMiddleware: is_Active = 
10/14/2019 07:01:42 pm ModuleMiddleware: redirecting to inactive
10/14/2019 07:01:42 pm ModuleMiddleware: Entering
10/14/2019 07:01:42 pm ModuleMiddleware: is_Active = 
10/14/2019 07:01:42 pm ModuleMiddleware: redirecting to inactive
10/14/2019 07:01:42 pm ModuleMiddleware: Entering
10/14/2019 07:01:42 pm ModuleMiddleware: is_Active = 
10/14/2019 07:01:42 pm ModuleMiddleware: redirecting to inactive
10/14/2019 07:01:43 pm ModuleMiddleware: Entering
10/14/2019 07:01:43 pm ModuleMiddleware: is_Active = 
10/14/2019 07:01:43 pm ModuleMiddleware: redirecting to inactive
10/14/2019 07:01:43 pm ModuleMiddleware: Entering
10/14/2019 07:01:43 pm ModuleMiddleware: is_Active = 
10/14/2019 07:01:43 pm ModuleMiddleware: redirecting to inactive
10/14/2019 07:01:43 pm ModuleMiddleware: Entering
10/14/2019 07:01:43 pm ModuleMiddleware: is_Active = 
10/14/2019 07:01:43 pm ModuleMiddleware: redirecting to inactive
10/14/2019 07:01:43 pm ModuleMiddleware: Entering
10/14/2019 07:01:43 pm ModuleMiddleware: is_Active = 
10/14/2019 07:01:43 pm ModuleMiddleware: redirecting to inactive
10/14/2019 07:01:43 pm ModuleMiddleware: Entering
10/14/2019 07:01:43 pm ModuleMiddleware: is_Active = 
10/14/2019 07:01:43 pm ModuleMiddleware: redirecting to inactive
10/14/2019 07:01:43 pm ModuleMiddleware: Entering
10/14/2019 07:01:43 pm ModuleMiddleware: is_Active = 
10/14/2019 07:01:43 pm ModuleMiddleware: redirecting to inactive
10/14/2019 07:01:44 pm ModuleMiddleware: Entering
10/14/2019 07:01:44 pm ModuleMiddleware: is_Active = 
10/14/2019 07:01:44 pm ModuleMiddleware: redirecting to inactive
10/14/2019 07:01:44 pm ModuleMiddleware: Entering
10/14/2019 07:01:44 pm ModuleMiddleware: is_Active = 
10/14/2019 07:01:44 pm ModuleMiddleware: redirecting to inactive
10/14/2019 07:01:44 pm ModuleMiddleware: Entering
10/14/2019 07:01:44 pm ModuleMiddleware: is_Active = 
10/14/2019 07:01:44 pm ModuleMiddleware: redirecting to inactive
10/14/2019 07:01:49 pm ModuleMiddleware: Entering
10/14/2019 07:01:49 pm ModuleMiddleware: is_Active = 
10/14/2019 07:01:49 pm ModuleMiddleware: redirecting to inactive
10/14/2019 07:01:49 pm ModuleMiddleware: Entering
10/14/2019 07:01:49 pm ModuleMiddleware: is_Active = 
10/14/2019 07:01:49 pm ModuleMiddleware: redirecting to inactive
10/14/2019 07:01:50 pm ModuleMiddleware: Entering
10/14/2019 07:01:50 pm ModuleMiddleware: is_Active = 
10/14/2019 07:01:50 pm ModuleMiddleware: redirecting to inactive
10/14/2019 07:01:50 pm ModuleMiddleware: Entering
10/14/2019 07:01:50 pm ModuleMiddleware: is_Active = 
10/14/2019 07:01:50 pm ModuleMiddleware: redirecting to inactive
10/14/2019 07:01:50 pm ModuleMiddleware: Entering
10/14/2019 07:01:50 pm ModuleMiddleware: is_Active = 
10/14/2019 07:01:50 pm ModuleMiddleware: redirecting to inactive
10/14/2019 07:01:50 pm ModuleMiddleware: Entering
10/14/2019 07:01:50 pm ModuleMiddleware: is_Active = 
10/14/2019 07:01:50 pm ModuleMiddleware: redirecting to inactive
10/14/2019 07:01:50 pm ModuleMiddleware: Entering
10/14/2019 07:01:50 pm ModuleMiddleware: is_Active = 
10/14/2019 07:01:50 pm ModuleMiddleware: redirecting to inactive
10/14/2019 07:01:50 pm ModuleMiddleware: Entering
10/14/2019 07:01:50 pm ModuleMiddleware: is_Active = 
10/14/2019 07:01:50 pm ModuleMiddleware: redirecting to inactive
10/14/2019 07:01:51 pm ModuleMiddleware: Entering
10/14/2019 07:01:51 pm ModuleMiddleware: is_Active = 
10/14/2019 07:01:51 pm ModuleMiddleware: redirecting to inactive
10/14/2019 07:01:51 pm ModuleMiddleware: Entering
10/14/2019 07:01:51 pm ModuleMiddleware: is_Active = 
10/14/2019 07:01:51 pm ModuleMiddleware: redirecting to inactive
10/14/2019 07:01:51 pm ModuleMiddleware: Entering
10/14/2019 07:01:51 pm ModuleMiddleware: is_Active = 
10/14/2019 07:01:51 pm ModuleMiddleware: redirecting to inactive
10/14/2019 07:01:51 pm ModuleMiddleware: Entering
10/14/2019 07:01:51 pm ModuleMiddleware: is_Active = 
10/14/2019 07:01:51 pm ModuleMiddleware: redirecting to inactive
10/14/2019 07:01:51 pm ModuleMiddleware: Entering
10/14/2019 07:01:51 pm ModuleMiddleware: is_Active = 
10/14/2019 07:01:51 pm ModuleMiddleware: redirecting to inactive
10/14/2019 07:01:51 pm ModuleMiddleware: Entering
10/14/2019 07:01:51 pm ModuleMiddleware: is_Active = 
10/14/2019 07:01:51 pm ModuleMiddleware: redirecting to inactive
10/14/2019 07:01:51 pm ModuleMiddleware: Entering
10/14/2019 07:01:51 pm ModuleMiddleware: is_Active = 
10/14/2019 07:01:51 pm ModuleMiddleware: redirecting to inactive
10/14/2019 07:01:52 pm ModuleMiddleware: Entering
10/14/2019 07:01:52 pm ModuleMiddleware: is_Active = 
10/14/2019 07:01:52 pm ModuleMiddleware: redirecting to inactive
10/14/2019 07:01:52 pm ModuleMiddleware: Entering
10/14/2019 07:01:52 pm ModuleMiddleware: is_Active = 
10/14/2019 07:01:52 pm ModuleMiddleware: redirecting to inactive
10/14/2019 07:01:52 pm ModuleMiddleware: Entering
10/14/2019 07:01:52 pm ModuleMiddleware: is_Active = 
10/14/2019 07:01:52 pm ModuleMiddleware: redirecting to inactive
10/14/2019 07:01:52 pm ModuleMiddleware: Entering
10/14/2019 07:01:52 pm ModuleMiddleware: is_Active = 
10/14/2019 07:01:52 pm ModuleMiddleware: redirecting to inactive
10/14/2019 07:01:52 pm ModuleMiddleware: Entering
10/14/2019 07:01:52 pm ModuleMiddleware: is_Active = 
10/14/2019 07:01:52 pm ModuleMiddleware: redirecting to inactive
10/14/2019 07:02:06 pm ModuleMiddleware: Entering
10/14/2019 07:02:06 pm ModuleMiddleware: is_Active = 
10/14/2019 07:02:06 pm ModuleMiddleware: redirecting to inactive
10/14/2019 07:02:06 pm ModuleMiddleware: Entering
10/14/2019 07:02:06 pm ModuleMiddleware: is_Active = 
10/14/2019 07:02:06 pm ModuleMiddleware: redirecting to inactive
10/14/2019 07:02:06 pm ModuleMiddleware: Entering
10/14/2019 07:02:06 pm ModuleMiddleware: is_Active = 
10/14/2019 07:02:06 pm ModuleMiddleware: redirecting to inactive
10/14/2019 07:02:06 pm ModuleMiddleware: Entering
10/14/2019 07:02:06 pm ModuleMiddleware: is_Active = 
10/14/2019 07:02:06 pm ModuleMiddleware: redirecting to inactive
10/14/2019 07:02:06 pm ModuleMiddleware: Entering
10/14/2019 07:02:06 pm ModuleMiddleware: is_Active = 
10/14/2019 07:02:06 pm ModuleMiddleware: redirecting to inactive
10/14/2019 07:02:06 pm ModuleMiddleware: Entering
10/14/2019 07:02:06 pm ModuleMiddleware: is_Active = 
10/14/2019 07:02:06 pm ModuleMiddleware: redirecting to inactive
10/14/2019 07:02:06 pm ModuleMiddleware: Entering
10/14/2019 07:02:07 pm ModuleMiddleware: is_Active = 
10/14/2019 07:02:07 pm ModuleMiddleware: redirecting to inactive
10/14/2019 07:02:07 pm ModuleMiddleware: Entering
10/14/2019 07:02:07 pm ModuleMiddleware: is_Active = 
10/14/2019 07:02:07 pm ModuleMiddleware: redirecting to inactive
10/14/2019 07:02:07 pm ModuleMiddleware: Entering
10/14/2019 07:02:07 pm ModuleMiddleware: is_Active = 
10/14/2019 07:02:07 pm ModuleMiddleware: redirecting to inactive
10/14/2019 07:02:07 pm ModuleMiddleware: Entering
10/14/2019 07:02:07 pm ModuleMiddleware: is_Active = 
10/14/2019 07:02:07 pm ModuleMiddleware: redirecting to inactive
10/14/2019 07:02:07 pm ModuleMiddleware: Entering
10/14/2019 07:02:07 pm ModuleMiddleware: is_Active = 
10/14/2019 07:02:07 pm ModuleMiddleware: redirecting to inactive
10/14/2019 07:02:07 pm ModuleMiddleware: Entering
10/14/2019 07:02:07 pm ModuleMiddleware: is_Active = 
10/14/2019 07:02:07 pm ModuleMiddleware: redirecting to inactive
10/14/2019 07:02:08 pm ModuleMiddleware: Entering
10/14/2019 07:02:08 pm ModuleMiddleware: is_Active = 
10/14/2019 07:02:08 pm ModuleMiddleware: redirecting to inactive
10/14/2019 07:02:08 pm ModuleMiddleware: Entering
10/14/2019 07:02:08 pm ModuleMiddleware: is_Active = 
10/14/2019 07:02:08 pm ModuleMiddleware: redirecting to inactive
10/14/2019 07:02:08 pm ModuleMiddleware: Entering
10/14/2019 07:02:08 pm ModuleMiddleware: is_Active = 
10/14/2019 07:02:08 pm ModuleMiddleware: redirecting to inactive
10/14/2019 07:02:08 pm ModuleMiddleware: Entering
10/14/2019 07:02:08 pm ModuleMiddleware: is_Active = 
10/14/2019 07:02:08 pm ModuleMiddleware: redirecting to inactive
10/14/2019 07:02:08 pm ModuleMiddleware: Entering
10/14/2019 07:02:08 pm ModuleMiddleware: is_Active = 
10/14/2019 07:02:08 pm ModuleMiddleware: redirecting to inactive
10/14/2019 07:02:08 pm ModuleMiddleware: Entering
10/14/2019 07:02:08 pm ModuleMiddleware: is_Active = 
10/14/2019 07:02:08 pm ModuleMiddleware: redirecting to inactive
10/14/2019 07:02:08 pm ModuleMiddleware: Entering
10/14/2019 07:02:09 pm ModuleMiddleware: is_Active = 
10/14/2019 07:02:09 pm ModuleMiddleware: redirecting to inactive
10/14/2019 07:02:09 pm ModuleMiddleware: Entering
10/14/2019 07:02:09 pm ModuleMiddleware: is_Active = 
10/14/2019 07:02:09 pm ModuleMiddleware: redirecting to inactive
10/14/2019 07:02:09 pm ModuleMiddleware: Entering
10/14/2019 07:02:09 pm ModuleMiddleware: is_Active = 
10/14/2019 07:02:09 pm ModuleMiddleware: redirecting to inactive
10/14/2019 07:02:09 pm ModuleMiddleware: Entering
10/14/2019 07:02:09 pm ModuleMiddleware: is_Active = 
10/14/2019 07:02:09 pm ModuleMiddleware: redirecting to inactive
10/14/2019 07:02:09 pm ModuleMiddleware: Entering
10/14/2019 07:02:09 pm ModuleMiddleware: is_Active = 
10/14/2019 07:02:09 pm ModuleMiddleware: redirecting to inactive
10/14/2019 07:02:09 pm ModuleMiddleware: Entering
10/14/2019 07:02:09 pm ModuleMiddleware: is_Active = 
10/14/2019 07:02:09 pm ModuleMiddleware: redirecting to inactive
10/14/2019 07:02:09 pm ModuleMiddleware: Entering
10/14/2019 07:02:09 pm ModuleMiddleware: is_Active = 
10/14/2019 07:02:09 pm ModuleMiddleware: redirecting to inactive
10/14/2019 07:02:10 pm ModuleMiddleware: Entering
10/14/2019 07:02:10 pm ModuleMiddleware: is_Active = 
10/14/2019 07:02:10 pm ModuleMiddleware: redirecting to inactive
10/14/2019 07:02:10 pm ModuleMiddleware: Entering
10/14/2019 07:02:10 pm ModuleMiddleware: is_Active = 
10/14/2019 07:02:10 pm ModuleMiddleware: redirecting to inactive
10/14/2019 07:02:40 pm ModuleMiddleware: Entering
10/14/2019 07:02:40 pm ModuleMiddleware: is_Active = 
10/14/2019 07:02:40 pm ModuleMiddleware: redirecting to inactive
10/14/2019 07:02:40 pm ModuleMiddleware: Entering
10/14/2019 07:02:40 pm ModuleMiddleware: is_Active = 
10/14/2019 07:02:40 pm ModuleMiddleware: redirecting to inactive
10/14/2019 07:02:40 pm ModuleMiddleware: Entering
10/14/2019 07:02:40 pm ModuleMiddleware: is_Active = 
10/14/2019 07:02:40 pm ModuleMiddleware: redirecting to inactive
10/14/2019 07:02:40 pm ModuleMiddleware: Entering
10/14/2019 07:02:41 pm ModuleMiddleware: is_Active = 
10/14/2019 07:02:41 pm ModuleMiddleware: redirecting to inactive
10/14/2019 07:02:41 pm ModuleMiddleware: Entering
10/14/2019 07:02:41 pm ModuleMiddleware: is_Active = 
10/14/2019 07:02:41 pm ModuleMiddleware: redirecting to inactive
10/14/2019 07:02:41 pm ModuleMiddleware: Entering
10/14/2019 07:02:41 pm ModuleMiddleware: is_Active = 
10/14/2019 07:02:41 pm ModuleMiddleware: redirecting to inactive
10/14/2019 07:02:41 pm ModuleMiddleware: Entering
10/14/2019 07:02:41 pm ModuleMiddleware: is_Active = 
10/14/2019 07:02:41 pm ModuleMiddleware: redirecting to inactive
10/14/2019 07:02:41 pm ModuleMiddleware: Entering
10/14/2019 07:02:41 pm ModuleMiddleware: is_Active = 
10/14/2019 07:02:41 pm ModuleMiddleware: redirecting to inactive
10/14/2019 07:02:41 pm ModuleMiddleware: Entering
10/14/2019 07:02:41 pm ModuleMiddleware: is_Active = 
10/14/2019 07:02:41 pm ModuleMiddleware: redirecting to inactive
10/14/2019 07:02:42 pm ModuleMiddleware: Entering
10/14/2019 07:02:42 pm ModuleMiddleware: is_Active = 
10/14/2019 07:02:42 pm ModuleMiddleware: redirecting to inactive
10/14/2019 07:02:42 pm ModuleMiddleware: Entering
10/14/2019 07:02:42 pm ModuleMiddleware: is_Active = 
10/14/2019 07:02:42 pm ModuleMiddleware: redirecting to inactive
10/14/2019 07:02:42 pm ModuleMiddleware: Entering
10/14/2019 07:02:42 pm ModuleMiddleware: is_Active = 
10/14/2019 07:02:42 pm ModuleMiddleware: redirecting to inactive
10/14/2019 07:02:42 pm ModuleMiddleware: Entering
10/14/2019 07:02:42 pm ModuleMiddleware: is_Active = 
10/14/2019 07:02:42 pm ModuleMiddleware: redirecting to inactive
10/14/2019 07:02:42 pm ModuleMiddleware: Entering
10/14/2019 07:02:42 pm ModuleMiddleware: is_Active = 
10/14/2019 07:02:42 pm ModuleMiddleware: redirecting to inactive
10/14/2019 07:02:42 pm ModuleMiddleware: Entering
10/14/2019 07:02:42 pm ModuleMiddleware: is_Active = 
10/14/2019 07:02:42 pm ModuleMiddleware: redirecting to inactive
10/14/2019 07:02:43 pm ModuleMiddleware: Entering
10/14/2019 07:02:43 pm ModuleMiddleware: is_Active = 
10/14/2019 07:02:43 pm ModuleMiddleware: redirecting to inactive
10/14/2019 07:02:43 pm ModuleMiddleware: Entering
10/14/2019 07:02:43 pm ModuleMiddleware: is_Active = 
10/14/2019 07:02:43 pm ModuleMiddleware: redirecting to inactive
10/14/2019 07:02:43 pm ModuleMiddleware: Entering
10/14/2019 07:02:43 pm ModuleMiddleware: is_Active = 
10/14/2019 07:02:43 pm ModuleMiddleware: redirecting to inactive
10/14/2019 07:02:43 pm ModuleMiddleware: Entering
10/14/2019 07:02:43 pm ModuleMiddleware: is_Active = 
10/14/2019 07:02:43 pm ModuleMiddleware: redirecting to inactive
10/14/2019 07:02:43 pm ModuleMiddleware: Entering
10/14/2019 07:02:43 pm ModuleMiddleware: is_Active = 
10/14/2019 07:02:43 pm ModuleMiddleware: redirecting to inactive
10/14/2019 07:02:54 pm ModuleMiddleware: Entering
10/14/2019 07:02:54 pm ModuleMiddleware: is_Active = 
10/14/2019 07:02:54 pm ModuleMiddleware: redirecting to inactive
10/14/2019 07:02:55 pm ModuleMiddleware: Entering
10/14/2019 07:02:55 pm ModuleMiddleware: is_Active = 
10/14/2019 07:02:55 pm ModuleMiddleware: redirecting to inactive
10/14/2019 07:02:55 pm ModuleMiddleware: Entering
10/14/2019 07:02:55 pm ModuleMiddleware: is_Active = 
10/14/2019 07:02:55 pm ModuleMiddleware: redirecting to inactive
10/14/2019 07:02:55 pm ModuleMiddleware: Entering
10/14/2019 07:02:55 pm ModuleMiddleware: is_Active = 
10/14/2019 07:02:55 pm ModuleMiddleware: redirecting to inactive
10/14/2019 07:02:55 pm ModuleMiddleware: Entering
10/14/2019 07:02:55 pm ModuleMiddleware: is_Active = 
10/14/2019 07:02:55 pm ModuleMiddleware: redirecting to inactive
10/14/2019 07:02:55 pm ModuleMiddleware: Entering
10/14/2019 07:02:55 pm ModuleMiddleware: is_Active = 
10/14/2019 07:02:55 pm ModuleMiddleware: redirecting to inactive
10/14/2019 07:02:55 pm ModuleMiddleware: Entering
10/14/2019 07:02:55 pm ModuleMiddleware: is_Active = 
10/14/2019 07:02:55 pm ModuleMiddleware: redirecting to inactive
10/14/2019 07:02:55 pm ModuleMiddleware: Entering
10/14/2019 07:02:56 pm ModuleMiddleware: is_Active = 
10/14/2019 07:02:56 pm ModuleMiddleware: redirecting to inactive
10/14/2019 07:02:56 pm ModuleMiddleware: Entering
10/14/2019 07:02:56 pm ModuleMiddleware: is_Active = 
10/14/2019 07:02:56 pm ModuleMiddleware: redirecting to inactive
10/14/2019 07:02:56 pm ModuleMiddleware: Entering
10/14/2019 07:02:56 pm ModuleMiddleware: is_Active = 
10/14/2019 07:02:56 pm ModuleMiddleware: redirecting to inactive
10/14/2019 07:02:56 pm ModuleMiddleware: Entering
10/14/2019 07:02:56 pm ModuleMiddleware: is_Active = 
10/14/2019 07:02:56 pm ModuleMiddleware: redirecting to inactive
10/14/2019 07:02:56 pm ModuleMiddleware: Entering
10/14/2019 07:02:56 pm ModuleMiddleware: is_Active = 
10/14/2019 07:02:56 pm ModuleMiddleware: redirecting to inactive
10/14/2019 07:02:56 pm ModuleMiddleware: Entering
10/14/2019 07:02:56 pm ModuleMiddleware: is_Active = 
10/14/2019 07:02:56 pm ModuleMiddleware: redirecting to inactive
10/14/2019 07:02:57 pm ModuleMiddleware: Entering
10/14/2019 07:02:57 pm ModuleMiddleware: is_Active = 
10/14/2019 07:02:57 pm ModuleMiddleware: redirecting to inactive
10/14/2019 07:02:57 pm ModuleMiddleware: Entering
10/14/2019 07:02:57 pm ModuleMiddleware: is_Active = 
10/14/2019 07:02:57 pm ModuleMiddleware: redirecting to inactive
10/14/2019 07:02:57 pm ModuleMiddleware: Entering
10/14/2019 07:02:57 pm ModuleMiddleware: is_Active = 
10/14/2019 07:02:57 pm ModuleMiddleware: redirecting to inactive
10/14/2019 07:02:57 pm ModuleMiddleware: Entering
10/14/2019 07:02:57 pm ModuleMiddleware: is_Active = 
10/14/2019 07:02:57 pm ModuleMiddleware: redirecting to inactive
10/14/2019 07:02:57 pm ModuleMiddleware: Entering
10/14/2019 07:02:57 pm ModuleMiddleware: is_Active = 
10/14/2019 07:02:57 pm ModuleMiddleware: redirecting to inactive
10/14/2019 07:02:57 pm ModuleMiddleware: Entering
10/14/2019 07:02:57 pm ModuleMiddleware: is_Active = 
10/14/2019 07:02:57 pm ModuleMiddleware: redirecting to inactive
10/14/2019 07:02:58 pm ModuleMiddleware: Entering
10/14/2019 07:02:58 pm ModuleMiddleware: is_Active = 
10/14/2019 07:02:58 pm ModuleMiddleware: redirecting to inactive
10/14/2019 07:03:09 pm ModuleMiddleware: Entering
10/14/2019 07:03:09 pm ModuleMiddleware: is_Active = 
10/14/2019 07:03:09 pm ModuleMiddleware: redirecting to inactive
10/14/2019 07:03:10 pm ModuleMiddleware: Entering
10/14/2019 07:03:10 pm ModuleMiddleware: is_Active = 
10/14/2019 07:03:10 pm ModuleMiddleware: redirecting to inactive
10/14/2019 07:03:10 pm ModuleMiddleware: Entering
10/14/2019 07:03:10 pm ModuleMiddleware: is_Active = 
10/14/2019 07:03:10 pm ModuleMiddleware: redirecting to inactive
10/14/2019 07:03:10 pm ModuleMiddleware: Entering
10/14/2019 07:03:10 pm ModuleMiddleware: is_Active = 
10/14/2019 07:03:10 pm ModuleMiddleware: redirecting to inactive
10/14/2019 07:03:10 pm ModuleMiddleware: Entering
10/14/2019 07:03:10 pm ModuleMiddleware: is_Active = 
10/14/2019 07:03:10 pm ModuleMiddleware: redirecting to inactive
10/14/2019 07:03:10 pm ModuleMiddleware: Entering
10/14/2019 07:03:10 pm ModuleMiddleware: is_Active = 
10/14/2019 07:03:10 pm ModuleMiddleware: redirecting to inactive
10/14/2019 07:03:10 pm ModuleMiddleware: Entering
10/14/2019 07:03:10 pm ModuleMiddleware: is_Active = 
10/14/2019 07:03:10 pm ModuleMiddleware: redirecting to inactive
10/14/2019 07:03:11 pm ModuleMiddleware: Entering
10/14/2019 07:03:11 pm ModuleMiddleware: is_Active = 
10/14/2019 07:03:11 pm ModuleMiddleware: redirecting to inactive
10/14/2019 07:03:11 pm ModuleMiddleware: Entering
10/14/2019 07:03:11 pm ModuleMiddleware: is_Active = 
10/14/2019 07:03:11 pm ModuleMiddleware: redirecting to inactive
10/14/2019 07:03:11 pm ModuleMiddleware: Entering
10/14/2019 07:03:11 pm ModuleMiddleware: is_Active = 
10/14/2019 07:03:11 pm ModuleMiddleware: redirecting to inactive
10/14/2019 07:03:11 pm ModuleMiddleware: Entering
10/14/2019 07:03:11 pm ModuleMiddleware: is_Active = 
10/14/2019 07:03:11 pm ModuleMiddleware: redirecting to inactive
10/14/2019 07:03:11 pm ModuleMiddleware: Entering
10/14/2019 07:03:11 pm ModuleMiddleware: is_Active = 
10/14/2019 07:03:11 pm ModuleMiddleware: redirecting to inactive
10/14/2019 07:03:11 pm ModuleMiddleware: Entering
10/14/2019 07:03:12 pm ModuleMiddleware: is_Active = 
10/14/2019 07:03:12 pm ModuleMiddleware: redirecting to inactive
10/14/2019 07:03:12 pm ModuleMiddleware: Entering
10/14/2019 07:03:12 pm ModuleMiddleware: is_Active = 
10/14/2019 07:03:12 pm ModuleMiddleware: redirecting to inactive
10/14/2019 07:03:12 pm ModuleMiddleware: Entering
10/14/2019 07:03:12 pm ModuleMiddleware: is_Active = 
10/14/2019 07:03:12 pm ModuleMiddleware: redirecting to inactive
10/14/2019 07:03:12 pm ModuleMiddleware: Entering
10/14/2019 07:03:12 pm ModuleMiddleware: is_Active = 
10/14/2019 07:03:12 pm ModuleMiddleware: redirecting to inactive
10/14/2019 07:03:12 pm ModuleMiddleware: Entering
10/14/2019 07:03:12 pm ModuleMiddleware: is_Active = 
10/14/2019 07:03:12 pm ModuleMiddleware: redirecting to inactive
10/14/2019 07:03:12 pm ModuleMiddleware: Entering
10/14/2019 07:03:12 pm ModuleMiddleware: is_Active = 
10/14/2019 07:03:12 pm ModuleMiddleware: redirecting to inactive
10/14/2019 07:03:12 pm ModuleMiddleware: Entering
10/14/2019 07:03:12 pm ModuleMiddleware: is_Active = 
10/14/2019 07:03:12 pm ModuleMiddleware: redirecting to inactive
10/14/2019 07:03:13 pm ModuleMiddleware: Entering
10/14/2019 07:03:13 pm ModuleMiddleware: is_Active = 
10/14/2019 07:03:13 pm ModuleMiddleware: redirecting to inactive
10/14/2019 07:04:27 pm ModuleMiddleware: Entering
10/14/2019 07:04:27 pm ModuleMiddleware: is_Active = 
10/14/2019 07:04:27 pm ModuleMiddleware: redirecting to inactive
10/14/2019 07:04:28 pm ModuleMiddleware: Entering
10/14/2019 07:04:28 pm ModuleMiddleware: is_Active = 
10/14/2019 07:04:28 pm ModuleMiddleware: redirecting to inactive
10/14/2019 07:04:28 pm ModuleMiddleware: Entering
10/14/2019 07:04:28 pm ModuleMiddleware: is_Active = 
10/14/2019 07:04:28 pm ModuleMiddleware: redirecting to inactive
10/14/2019 07:04:28 pm ModuleMiddleware: Entering
10/14/2019 07:04:28 pm ModuleMiddleware: is_Active = 
10/14/2019 07:04:28 pm ModuleMiddleware: redirecting to inactive
10/14/2019 07:04:28 pm ModuleMiddleware: Entering
10/14/2019 07:04:28 pm ModuleMiddleware: is_Active = 
10/14/2019 07:04:28 pm ModuleMiddleware: redirecting to inactive
10/14/2019 07:04:28 pm ModuleMiddleware: Entering
10/14/2019 07:04:28 pm ModuleMiddleware: is_Active = 
10/14/2019 07:04:28 pm ModuleMiddleware: redirecting to inactive
10/14/2019 07:04:28 pm ModuleMiddleware: Entering
10/14/2019 07:04:28 pm ModuleMiddleware: is_Active = 
10/14/2019 07:04:28 pm ModuleMiddleware: redirecting to inactive
10/14/2019 07:04:29 pm ModuleMiddleware: Entering
10/14/2019 07:04:29 pm ModuleMiddleware: is_Active = 
10/14/2019 07:04:29 pm ModuleMiddleware: redirecting to inactive
10/14/2019 07:04:29 pm ModuleMiddleware: Entering
10/14/2019 07:04:29 pm ModuleMiddleware: is_Active = 
10/14/2019 07:04:29 pm ModuleMiddleware: redirecting to inactive
10/14/2019 07:04:29 pm ModuleMiddleware: Entering
10/14/2019 07:04:29 pm ModuleMiddleware: is_Active = 
10/14/2019 07:04:29 pm ModuleMiddleware: redirecting to inactive
10/14/2019 07:04:29 pm ModuleMiddleware: Entering
10/14/2019 07:04:29 pm ModuleMiddleware: is_Active = 
10/14/2019 07:04:29 pm ModuleMiddleware: redirecting to inactive
10/14/2019 07:04:29 pm ModuleMiddleware: Entering
10/14/2019 07:04:29 pm ModuleMiddleware: is_Active = 
10/14/2019 07:04:29 pm ModuleMiddleware: redirecting to inactive
10/14/2019 07:04:29 pm ModuleMiddleware: Entering
10/14/2019 07:04:29 pm ModuleMiddleware: is_Active = 
10/14/2019 07:04:29 pm ModuleMiddleware: redirecting to inactive
10/14/2019 07:04:30 pm ModuleMiddleware: Entering
10/14/2019 07:04:30 pm ModuleMiddleware: is_Active = 
10/14/2019 07:04:30 pm ModuleMiddleware: redirecting to inactive
10/14/2019 07:04:30 pm ModuleMiddleware: Entering
10/14/2019 07:04:30 pm ModuleMiddleware: is_Active = 
10/14/2019 07:04:30 pm ModuleMiddleware: redirecting to inactive
10/14/2019 07:04:30 pm ModuleMiddleware: Entering
10/14/2019 07:04:30 pm ModuleMiddleware: is_Active = 
10/14/2019 07:04:30 pm ModuleMiddleware: redirecting to inactive
10/14/2019 07:04:30 pm ModuleMiddleware: Entering
10/14/2019 07:04:30 pm ModuleMiddleware: is_Active = 
10/14/2019 07:04:30 pm ModuleMiddleware: redirecting to inactive
10/14/2019 07:04:30 pm ModuleMiddleware: Entering
10/14/2019 07:04:30 pm ModuleMiddleware: is_Active = 
10/14/2019 07:04:30 pm ModuleMiddleware: redirecting to inactive
10/14/2019 07:04:30 pm ModuleMiddleware: Entering
10/14/2019 07:04:30 pm ModuleMiddleware: is_Active = 
10/14/2019 07:04:30 pm ModuleMiddleware: redirecting to inactive
10/14/2019 07:04:30 pm ModuleMiddleware: Entering
10/14/2019 07:04:30 pm ModuleMiddleware: is_Active = 
10/14/2019 07:04:30 pm ModuleMiddleware: redirecting to inactive
10/14/2019 07:04:40 pm ModuleMiddleware: Entering
10/14/2019 07:04:40 pm ModuleMiddleware: is_Active = 
10/14/2019 07:04:40 pm ModuleMiddleware: redirecting to inactive
10/14/2019 07:04:40 pm ModuleMiddleware: Entering
10/14/2019 07:04:40 pm ModuleMiddleware: is_Active = 
10/14/2019 07:04:40 pm ModuleMiddleware: redirecting to inactive
10/14/2019 07:04:40 pm ModuleMiddleware: Entering
10/14/2019 07:04:40 pm ModuleMiddleware: is_Active = 
10/14/2019 07:04:40 pm ModuleMiddleware: redirecting to inactive
10/14/2019 07:04:40 pm ModuleMiddleware: Entering
10/14/2019 07:04:40 pm ModuleMiddleware: is_Active = 
10/14/2019 07:04:40 pm ModuleMiddleware: redirecting to inactive
10/14/2019 07:04:41 pm ModuleMiddleware: Entering
10/14/2019 07:04:41 pm ModuleMiddleware: is_Active = 
10/14/2019 07:04:41 pm ModuleMiddleware: redirecting to inactive
10/14/2019 07:04:41 pm ModuleMiddleware: Entering
10/14/2019 07:04:41 pm ModuleMiddleware: is_Active = 
10/14/2019 07:04:41 pm ModuleMiddleware: redirecting to inactive
10/14/2019 07:04:41 pm ModuleMiddleware: Entering
10/14/2019 07:04:41 pm ModuleMiddleware: is_Active = 
10/14/2019 07:04:41 pm ModuleMiddleware: redirecting to inactive
10/14/2019 07:04:41 pm ModuleMiddleware: Entering
10/14/2019 07:04:41 pm ModuleMiddleware: is_Active = 
10/14/2019 07:04:41 pm ModuleMiddleware: redirecting to inactive
10/14/2019 07:04:41 pm ModuleMiddleware: Entering
10/14/2019 07:04:41 pm ModuleMiddleware: is_Active = 
10/14/2019 07:04:41 pm ModuleMiddleware: redirecting to inactive
10/14/2019 07:04:41 pm ModuleMiddleware: Entering
10/14/2019 07:04:41 pm ModuleMiddleware: is_Active = 
10/14/2019 07:04:41 pm ModuleMiddleware: redirecting to inactive
10/14/2019 07:04:41 pm ModuleMiddleware: Entering
10/14/2019 07:04:41 pm ModuleMiddleware: is_Active = 
10/14/2019 07:04:41 pm ModuleMiddleware: redirecting to inactive
10/14/2019 07:04:42 pm ModuleMiddleware: Entering
10/14/2019 07:04:42 pm ModuleMiddleware: is_Active = 
10/14/2019 07:04:42 pm ModuleMiddleware: redirecting to inactive
10/14/2019 07:04:42 pm ModuleMiddleware: Entering
10/14/2019 07:04:42 pm ModuleMiddleware: is_Active = 
10/14/2019 07:04:42 pm ModuleMiddleware: redirecting to inactive
10/14/2019 07:04:42 pm ModuleMiddleware: Entering
10/14/2019 07:04:42 pm ModuleMiddleware: is_Active = 
10/14/2019 07:04:42 pm ModuleMiddleware: redirecting to inactive
10/14/2019 07:04:42 pm ModuleMiddleware: Entering
10/14/2019 07:04:42 pm ModuleMiddleware: is_Active = 
10/14/2019 07:04:42 pm ModuleMiddleware: redirecting to inactive
10/14/2019 07:04:42 pm ModuleMiddleware: Entering
10/14/2019 07:04:42 pm ModuleMiddleware: is_Active = 
10/14/2019 07:04:42 pm ModuleMiddleware: redirecting to inactive
10/14/2019 07:04:43 pm ModuleMiddleware: Entering
10/14/2019 07:04:43 pm ModuleMiddleware: is_Active = 
10/14/2019 07:04:43 pm ModuleMiddleware: redirecting to inactive
10/14/2019 07:04:43 pm ModuleMiddleware: Entering
10/14/2019 07:04:43 pm ModuleMiddleware: is_Active = 
10/14/2019 07:04:43 pm ModuleMiddleware: redirecting to inactive
10/14/2019 07:04:43 pm ModuleMiddleware: Entering
10/14/2019 07:04:43 pm ModuleMiddleware: is_Active = 
10/14/2019 07:04:43 pm ModuleMiddleware: redirecting to inactive
10/14/2019 07:04:43 pm ModuleMiddleware: Entering
10/14/2019 07:04:43 pm ModuleMiddleware: is_Active = 
10/14/2019 07:04:43 pm ModuleMiddleware: redirecting to inactive
10/14/2019 07:05:31 pm ModuleMiddleware: Entering
10/14/2019 07:05:31 pm ModuleMiddleware: is_Active = 1
10/14/2019 07:05:31 pm ModuleMiddleware: has_Access = 1
10/14/2019 07:05:31 pm ModuleMiddleware: Exiting
10/14/2019 07:05:43 pm ModuleMiddleware: Entering
10/14/2019 07:05:43 pm ModuleMiddleware: is_Active = 1
10/14/2019 07:05:43 pm ModuleMiddleware: has_Access = 1
10/14/2019 07:05:43 pm ModuleMiddleware: Exiting
10/14/2019 07:05:47 pm ModuleMiddleware: Entering
10/14/2019 07:05:47 pm ModuleMiddleware: is_Active = 1
10/14/2019 07:05:47 pm ModuleMiddleware: has_Access = 1
10/14/2019 07:05:47 pm ModuleMiddleware: Exiting
